-------------------------------------------------------------------------------
Test set: TestSuite
-------------------------------------------------------------------------------
Tests run: 2, Failures: 1, Errors: 0, Skipped: 0, Time elapsed: 18.278 sec <<< FAILURE! - in TestSuite
open_url(sanitySuite.TestCase_1_GoogleSearch)  Time elapsed: 1.575 sec  <<< FAILURE!
java.lang.NullPointerException: null
	at sanitySuite.TestCase_1_GoogleSearch.open_url(TestCase_1_GoogleSearch.java:24)

